<?xml version="1.0" encoding="UTF-8"?>
<!-- Generated by org.testng.reporters.JUnitXMLReporter -->
<testsuite ignored="0" hostname="DESKTOP-MC7UQM0" failures="0" tests="4" name="Default test" time="10.175" errors="0" timestamp="2023-02-03T16:42:08 IST">
  <testcase classname="day1.HTTPRequests" name="getListUsers" time="8.328"/>
  <testcase classname="day1.HTTPRequests" name="createUser" time="0.769"/>
  <testcase classname="day1.HTTPRequests" name="updateUser" time="0.514"/>
  <testcase classname="day1.HTTPRequests" name="deleteUser" time="0.524"/>
</testsuite> <!-- Default test -->
