<?xml version="1.0" encoding="UTF-8"?>
<testng-results ignored="0" total="2" passed="2" failed="0" skipped="0">
  <reporter-output>
  </reporter-output>
  <suite started-at="2023-02-04T16:15:55 IST" name="Default suite" finished-at="2023-02-04T16:15:57 IST" duration-ms="2005">
    <groups>
    </groups>
    <test started-at="2023-02-04T16:15:55 IST" name="Default test" finished-at="2023-02-04T16:15:57 IST" duration-ms="2005">
      <class name="day2.waysToCreatePostReqBody">
        <test-method signature="testPostUsingPojoClass()[pri:1, instance:day2.waysToCreatePostReqBody@39529185]" started-at="2023-02-04T16:15:55 IST" name="testPostUsingPojoClass" finished-at="2023-02-04T16:15:57 IST" duration-ms="1936" status="PASS">
          <reporter-output>
          </reporter-output>
        </test-method> <!-- testPostUsingPojoClass -->
        <test-method signature="testDelete()[pri:2, instance:day2.waysToCreatePostReqBody@39529185]" started-at="2023-02-04T16:15:57 IST" name="testDelete" finished-at="2023-02-04T16:15:57 IST" duration-ms="34" status="PASS">
          <reporter-output>
          </reporter-output>
        </test-method> <!-- testDelete -->
      </class> <!-- day2.waysToCreatePostReqBody -->
    </test> <!-- Default test -->
  </suite> <!-- Default suite -->
</testng-results>
