<?xml version="1.0" encoding="UTF-8"?>
<testng-results ignored="0" total="4" passed="4" failed="0" skipped="0">
  <reporter-output>
  </reporter-output>
  <suite started-at="2023-02-03T16:41:58 IST" name="Default suite" finished-at="2023-02-03T16:42:08 IST" duration-ms="10175">
    <groups>
    </groups>
    <test started-at="2023-02-03T16:41:58 IST" name="Default test" finished-at="2023-02-03T16:42:08 IST" duration-ms="10175">
      <class name="day1.HTTPRequests">
        <test-method signature="getListUsers()[pri:1, instance:day1.HTTPRequests@3daa422a]" started-at="2023-02-03T16:41:58 IST" name="getListUsers" finished-at="2023-02-03T16:42:07 IST" duration-ms="8328" status="PASS">
          <reporter-output>
          </reporter-output>
        </test-method> <!-- getListUsers -->
        <test-method signature="createUser()[pri:2, instance:day1.HTTPRequests@3daa422a]" started-at="2023-02-03T16:42:07 IST" name="createUser" finished-at="2023-02-03T16:42:07 IST" duration-ms="769" status="PASS">
          <reporter-output>
          </reporter-output>
        </test-method> <!-- createUser -->
        <test-method signature="updateUser()[pri:3, instance:day1.HTTPRequests@3daa422a]" started-at="2023-02-03T16:42:07 IST" name="updateUser" finished-at="2023-02-03T16:42:08 IST" depends-on-methods="day1.HTTPRequests.createUser" duration-ms="514" status="PASS">
          <reporter-output>
          </reporter-output>
        </test-method> <!-- updateUser -->
        <test-method signature="deleteUser()[pri:4, instance:day1.HTTPRequests@3daa422a]" started-at="2023-02-03T16:42:08 IST" name="deleteUser" finished-at="2023-02-03T16:42:08 IST" depends-on-methods="day1.HTTPRequests.updateUser" duration-ms="524" status="PASS">
          <reporter-output>
          </reporter-output>
        </test-method> <!-- deleteUser -->
      </class> <!-- day1.HTTPRequests -->
    </test> <!-- Default test -->
  </suite> <!-- Default suite -->
</testng-results>
